-------------------------------------------------------------------------------
Test set: test
-------------------------------------------------------------------------------
Tests run: 2, Failures: 0, Errors: 2, Skipped: 0, Time elapsed: 8.015 s <<< FAILURE! - in test
Search product in Aam(test)  Time elapsed: 8.015 s  <<< ERROR!
org.openqa.selenium.SessionNotCreatedException: 
Could not start a new session. Response code 404. Message: The session identified by 2a31766b-b6fb-49fa-a768-a54627ae2dd2 is not known 
Host info: host: 'WPO1L5CD151GTNN', ip: '192.168.1.5'
Build info: version: '4.7.2', revision: '4d4020c3b7'
System info: os.name: 'Windows 10', os.arch: 'amd64', os.version: '10.0', java.version: '1.8.0_311'
Driver info: io.appium.java_client.android.AndroidDriver
Command: [null, newSession {capabilities=[{appium:automationName=uiautomator2, browserName=chrome, appium:deviceName=Pixel2, platformName=ANDROID}], desiredCapabilities=Capabilities {automationName: uiautomator2, browserName: chrome, deviceName: Pixel2, platformName: ANDROID}}]
Capabilities {}

Search product in Aam(test)  Time elapsed: 0 s  <<< ERROR!
java.lang.NullPointerException

